Using pre-set license
Built from '2020.2/release' branch; Version is '2020.2.1f1 (270dd8c3da1c) revision 2559448'; Using compiler version '192528614'; Build Type 'Release'
OS: 'Windows 10  (10.0.0) 64bit' Language: 'ko' Physical Memory: 16344 MB
BatchMode: 1, IsHumanControllingUs: 0, StartBugReporterOnCrash: 0, Is64bit: 1, IsPro: 0

 COMMAND LINE ARGUMENTS:
C:\Program Files\Unity\Hub\Editor\2020.2.1f1\Editor\Unity.exe
-adb2
-batchMode
-noUpm
-name
AssetImportWorker0
-projectPath
D:/Project/Go_Server/Go_server
-logFile
Logs/AssetImportWorker0.log
-srvPort
57201
Successfully changed project path to: D:/Project/Go_Server/Go_server
D:/Project/Go_Server/Go_server
Using Asset Import Pipeline V2.
Refreshing native plugins compatible for Editor in 22.21 ms, found 0 plugins.
Preloading 0 native plugins for Editor in 0.00 ms.
Initialize engine version: 2020.2.1f1 (270dd8c3da1c)
[Subsystems] Discovering subsystems at path C:/Program Files/Unity/Hub/Editor/2020.2.1f1/Editor/Data/Resources/UnitySubsystems
[Subsystems] Discovering subsystems at path D:/Project/Go_Server/Go_server/Assets
GfxDevice: creating device client; threaded=0
Direct3D:
    Version:  Direct3D 11.0 [level 11.1]
    Renderer: NVIDIA GeForce RTX 3070 (ID=0x2484)
    Vendor:   
    VRAM:     8043 MB
    Driver:   27.21.14.5751
Initialize mono
Mono path[0] = 'C:/Program Files/Unity/Hub/Editor/2020.2.1f1/Editor/Data/Managed'
Mono path[1] = 'C:/Program Files/Unity/Hub/Editor/2020.2.1f1/Editor/Data/MonoBleedingEdge/lib/mono/unityjit'
Mono config path = 'C:/Program Files/Unity/Hub/Editor/2020.2.1f1/Editor/Data/MonoBleedingEdge/etc'
Using monoOptions --debugger-agent=transport=dt_socket,embedding=1,server=y,suspend=n,address=127.0.0.1:56264
Begin MonoManager ReloadAssembly
Registering precompiled unity dll's ...
Register platform support module: C:/Program Files/Unity/Hub/Editor/2020.2.1f1/Editor/Data/PlaybackEngines/WindowsStandaloneSupport/UnityEditor.WindowsStandalone.Extensions.dll
Registered in 0.004531 seconds.
Native extension for WindowsStandalone target not found
Refreshing native plugins compatible for Editor in 23.54 ms, found 0 plugins.
Preloading 0 native plugins for Editor in 0.00 ms.
Invoked RoslynAnalysisRunner static constructor.
RoslynAnalysisRunner will not be running.
RoslynAnalysisRunner has terminated.
Mono: successfully reloaded assembly
- Completed reload, in  1.314 seconds
Platform modules already initialized, skipping
Registering precompiled user dll's ...
Registered in 0.000948 seconds.
Begin MonoManager ReloadAssembly
Native extension for WindowsStandalone target not found
Refreshing native plugins compatible for Editor in 0.18 ms, found 0 plugins.
Preloading 0 native plugins for Editor in 0.00 ms.
Invoked RoslynAnalysisRunner static constructor.
RoslynAnalysisRunner will not be running.
RoslynAnalysisRunner has terminated.
Mono: successfully reloaded assembly
- Completed reload, in  0.905 seconds
Platform modules already initialized, skipping
========================================================================
Worker process is ready to serve import requests
Launched and connected shader compiler UnityShaderCompiler.exe after 0.07 seconds
Refreshing native plugins compatible for Editor in 0.17 ms, found 0 plugins.
Preloading 0 native plugins for Editor in 0.00 ms.
Unloading 1097 Unused Serialized files (Serialized files now loaded: 0)
System memory in use before: 58.6 MB.
System memory in use after: 58.6 MB.

Unloading 10 unused Assets to reduce memory usage. Loaded Objects now: 1537.
Total: 2.136200 ms (FindLiveObjects: 0.351100 ms CreateObjectMapping: 0.079900 ms MarkObjects: 1.638500 ms  DeleteObjects: 0.065200 ms)

========================================================================
Received Import Request.
  path: Assets/NewBehaviourScript.cs
  artifactKey: Guid(3c7cbf610e8d62249929553a85d0f18c) Importer(815301076,1909f56bfc062723c751e8b465ee728b)
Start importing Assets/NewBehaviourScript.cs using Guid(3c7cbf610e8d62249929553a85d0f18c) Importer(815301076,1909f56bfc062723c751e8b465ee728b)  -> (artifact id: 'c6adf6d6598c698e8c1d91e2dfb5ea8f') in 0.044023 seconds
  Import took 0.045650 seconds .

========================================================================
Received Import Request.
  Time since last request: 6.359652 seconds.
  path: Assets/NetKernel.cs
  artifactKey: Guid(3c7cbf610e8d62249929553a85d0f18c) Importer(815301076,1909f56bfc062723c751e8b465ee728b)
Start importing Assets/NetKernel.cs using Guid(3c7cbf610e8d62249929553a85d0f18c) Importer(815301076,1909f56bfc062723c751e8b465ee728b)  -> (artifact id: 'bb5bcb2e0146db18e8fc648045281291') in 0.010839 seconds
  Import took 0.013258 seconds .

========================================================================
Received Prepare
Registering precompiled user dll's ...
Registered in 0.000974 seconds.
Begin MonoManager ReloadAssembly
Native extension for WindowsStandalone target not found
Refreshing native plugins compatible for Editor in 0.34 ms, found 0 plugins.
Preloading 0 native plugins for Editor in 0.00 ms.
Invoked RoslynAnalysisRunner static constructor.
RoslynAnalysisRunner will not be running.
RoslynAnalysisRunner has terminated.
Mono: successfully reloaded assembly
- Completed reload, in  0.893 seconds
Platform modules already initialized, skipping
Refreshing native plugins compatible for Editor in 0.18 ms, found 0 plugins.
Preloading 0 native plugins for Editor in 0.00 ms.
Unloading 1092 Unused Serialized files (Serialized files now loaded: 0)
System memory in use before: 58.6 MB.
System memory in use after: 58.7 MB.

Unloading 5 unused Assets to reduce memory usage. Loaded Objects now: 1539.
Total: 1.661400 ms (FindLiveObjects: 0.142700 ms CreateObjectMapping: 0.040000 ms MarkObjects: 1.426900 ms  DeleteObjects: 0.050600 ms)

========================================================================
Received Import Request.
  Time since last request: 415.487815 seconds.
  path: Assets/NetKernel.cs
  artifactKey: Guid(3c7cbf610e8d62249929553a85d0f18c) Importer(815301076,1909f56bfc062723c751e8b465ee728b)
Start importing Assets/NetKernel.cs using Guid(3c7cbf610e8d62249929553a85d0f18c) Importer(815301076,1909f56bfc062723c751e8b465ee728b)  -> (artifact id: 'eccedff0e2d1ab7d13c24b34703f7a78') in 0.005266 seconds
  Import took 0.006942 seconds .

========================================================================
Received Prepare
Registering precompiled user dll's ...
Registered in 0.000686 seconds.
Begin MonoManager ReloadAssembly
Native extension for WindowsStandalone target not found
Refreshing native plugins compatible for Editor in 0.18 ms, found 0 plugins.
Preloading 0 native plugins for Editor in 0.00 ms.
Invoked RoslynAnalysisRunner static constructor.
RoslynAnalysisRunner will not be running.
RoslynAnalysisRunner has terminated.
Mono: successfully reloaded assembly
- Completed reload, in  0.849 seconds
Platform modules already initialized, skipping
Refreshing native plugins compatible for Editor in 0.21 ms, found 0 plugins.
Preloading 0 native plugins for Editor in 0.00 ms.
Unloading 1092 Unused Serialized files (Serialized files now loaded: 0)
System memory in use before: 58.7 MB.
System memory in use after: 58.8 MB.

Unloading 5 unused Assets to reduce memory usage. Loaded Objects now: 1541.
Total: 1.520200 ms (FindLiveObjects: 0.116500 ms CreateObjectMapping: 0.026000 ms MarkObjects: 1.325800 ms  DeleteObjects: 0.051100 ms)

========================================================================
Received Prepare
Registering precompiled user dll's ...
Registered in 0.000700 seconds.
Begin MonoManager ReloadAssembly
Native extension for WindowsStandalone target not found
Refreshing native plugins compatible for Editor in 0.25 ms, found 0 plugins.
Preloading 0 native plugins for Editor in 0.00 ms.
Invoked RoslynAnalysisRunner static constructor.
RoslynAnalysisRunner will not be running.
RoslynAnalysisRunner has terminated.
Mono: successfully reloaded assembly
- Completed reload, in  0.915 seconds
Platform modules already initialized, skipping
Refreshing native plugins compatible for Editor in 0.24 ms, found 0 plugins.
Preloading 0 native plugins for Editor in 0.00 ms.
Unloading 1092 Unused Serialized files (Serialized files now loaded: 0)
System memory in use before: 58.9 MB.
System memory in use after: 58.9 MB.

Unloading 5 unused Assets to reduce memory usage. Loaded Objects now: 1543.
Total: 1.414900 ms (FindLiveObjects: 0.109900 ms CreateObjectMapping: 0.029200 ms MarkObjects: 1.212300 ms  DeleteObjects: 0.047500 ms)

========================================================================
Received Prepare
Registering precompiled user dll's ...
Registered in 0.001127 seconds.
Begin MonoManager ReloadAssembly
Native extension for WindowsStandalone target not found
Refreshing native plugins compatible for Editor in 0.18 ms, found 0 plugins.
Preloading 0 native plugins for Editor in 0.00 ms.
Invoked RoslynAnalysisRunner static constructor.
RoslynAnalysisRunner will not be running.
RoslynAnalysisRunner has terminated.
Mono: successfully reloaded assembly
- Completed reload, in  0.840 seconds
Platform modules already initialized, skipping
Refreshing native plugins compatible for Editor in 0.20 ms, found 0 plugins.
Preloading 0 native plugins for Editor in 0.00 ms.
Unloading 1092 Unused Serialized files (Serialized files now loaded: 0)
System memory in use before: 59.0 MB.
System memory in use after: 59.0 MB.

Unloading 5 unused Assets to reduce memory usage. Loaded Objects now: 1545.
Total: 1.479000 ms (FindLiveObjects: 0.196000 ms CreateObjectMapping: 0.045600 ms MarkObjects: 1.199900 ms  DeleteObjects: 0.036500 ms)

========================================================================
Received Prepare
Registering precompiled user dll's ...
Registered in 0.001133 seconds.
Begin MonoManager ReloadAssembly
Native extension for WindowsStandalone target not found
Refreshing native plugins compatible for Editor in 0.20 ms, found 0 plugins.
Preloading 0 native plugins for Editor in 0.00 ms.
Invoked RoslynAnalysisRunner static constructor.
RoslynAnalysisRunner will not be running.
RoslynAnalysisRunner has terminated.
Mono: successfully reloaded assembly
- Completed reload, in  0.932 seconds
Platform modules already initialized, skipping
Refreshing native plugins compatible for Editor in 0.20 ms, found 0 plugins.
Preloading 0 native plugins for Editor in 0.00 ms.
Unloading 1092 Unused Serialized files (Serialized files now loaded: 0)
System memory in use before: 59.0 MB.
System memory in use after: 59.1 MB.

Unloading 5 unused Assets to reduce memory usage. Loaded Objects now: 1547.
Total: 2.006600 ms (FindLiveObjects: 0.144500 ms CreateObjectMapping: 0.037200 ms MarkObjects: 1.763900 ms  DeleteObjects: 0.059500 ms)

========================================================================
Received Import Request.
  Time since last request: 484.811212 seconds.
  path: Assets/NetMessage.cs
  artifactKey: Guid(d375ccc4dd516c04b866421f47fbfe3f) Importer(815301076,1909f56bfc062723c751e8b465ee728b)
Start importing Assets/NetMessage.cs using Guid(d375ccc4dd516c04b866421f47fbfe3f) Importer(815301076,1909f56bfc062723c751e8b465ee728b)  -> (artifact id: 'ebc358a21d269dc567733c9128f946ef') in 0.011983 seconds
  Import took 0.014332 seconds .

========================================================================
Received Import Request.
  Time since last request: 0.004621 seconds.
  path: Assets/NetMessage.cs
  artifactKey: Guid(d375ccc4dd516c04b866421f47fbfe3f) Importer(815301076,1909f56bfc062723c751e8b465ee728b)
Start importing Assets/NetMessage.cs using Guid(d375ccc4dd516c04b866421f47fbfe3f) Importer(815301076,1909f56bfc062723c751e8b465ee728b)  -> (artifact id: 'ebc358a21d269dc567733c9128f946ef') in 0.004162 seconds
  Import took 0.007221 seconds .

========================================================================
Received Prepare
Registering precompiled user dll's ...
Registered in 0.000700 seconds.
Begin MonoManager ReloadAssembly
Native extension for WindowsStandalone target not found
Refreshing native plugins compatible for Editor in 0.20 ms, found 0 plugins.
Preloading 0 native plugins for Editor in 0.00 ms.
Invoked RoslynAnalysisRunner static constructor.
RoslynAnalysisRunner will not be running.
RoslynAnalysisRunner has terminated.
Mono: successfully reloaded assembly
- Completed reload, in  0.902 seconds
Platform modules already initialized, skipping
Refreshing native plugins compatible for Editor in 0.27 ms, found 0 plugins.
Preloading 0 native plugins for Editor in 0.00 ms.
Unloading 1093 Unused Serialized files (Serialized files now loaded: 0)
System memory in use before: 59.2 MB.
System memory in use after: 59.2 MB.

Unloading 5 unused Assets to reduce memory usage. Loaded Objects now: 1550.
Total: 1.732000 ms (FindLiveObjects: 0.121200 ms CreateObjectMapping: 0.032400 ms MarkObjects: 1.490300 ms  DeleteObjects: 0.086700 ms)

========================================================================
Received Prepare
Registering precompiled user dll's ...
Registered in 0.000739 seconds.
Begin MonoManager ReloadAssembly
Native extension for WindowsStandalone target not found
Refreshing native plugins compatible for Editor in 0.22 ms, found 0 plugins.
Preloading 0 native plugins for Editor in 0.00 ms.
Invoked RoslynAnalysisRunner static constructor.
RoslynAnalysisRunner will not be running.
RoslynAnalysisRunner has terminated.
Mono: successfully reloaded assembly
- Completed reload, in  0.811 seconds
Platform modules already initialized, skipping
Refreshing native plugins compatible for Editor in 0.18 ms, found 0 plugins.
Preloading 0 native plugins for Editor in 0.00 ms.
Unloading 1092 Unused Serialized files (Serialized files now loaded: 0)
System memory in use before: 59.2 MB.
System memory in use after: 59.3 MB.

Unloading 6 unused Assets to reduce memory usage. Loaded Objects now: 1551.
Total: 1.764400 ms (FindLiveObjects: 0.127700 ms CreateObjectMapping: 0.031400 ms MarkObjects: 1.564200 ms  DeleteObjects: 0.040200 ms)

========================================================================
Received Import Request.
  Time since last request: 12.046129 seconds.
  path: Assets/Net/Chat.cs
  artifactKey: Guid(1c9c22cfe03b53c42a52b321c5828dde) Importer(815301076,1909f56bfc062723c751e8b465ee728b)
Start importing Assets/Net/Chat.cs using Guid(1c9c22cfe03b53c42a52b321c5828dde) Importer(815301076,1909f56bfc062723c751e8b465ee728b)  -> (artifact id: 'caec6a98aa8f05a5ad1fcecf3e195a21') in 0.005934 seconds
  Import took 0.008228 seconds .

========================================================================
Received Import Request.
  Time since last request: 0.001855 seconds.
  path: Assets/Net/Chat.cs
  artifactKey: Guid(1c9c22cfe03b53c42a52b321c5828dde) Importer(815301076,1909f56bfc062723c751e8b465ee728b)
Start importing Assets/Net/Chat.cs using Guid(1c9c22cfe03b53c42a52b321c5828dde) Importer(815301076,1909f56bfc062723c751e8b465ee728b)  -> (artifact id: 'caec6a98aa8f05a5ad1fcecf3e195a21') in 0.002992 seconds
  Import took 0.004868 seconds .

========================================================================
Received Prepare
Registering precompiled user dll's ...
Registered in 0.000836 seconds.
Begin MonoManager ReloadAssembly
Native extension for WindowsStandalone target not found
Refreshing native plugins compatible for Editor in 0.26 ms, found 0 plugins.
Preloading 0 native plugins for Editor in 0.00 ms.
Invoked RoslynAnalysisRunner static constructor.
RoslynAnalysisRunner will not be running.
RoslynAnalysisRunner has terminated.
Mono: successfully reloaded assembly
- Completed reload, in  0.864 seconds
Platform modules already initialized, skipping
Refreshing native plugins compatible for Editor in 0.21 ms, found 0 plugins.
Preloading 0 native plugins for Editor in 0.00 ms.
Unloading 1093 Unused Serialized files (Serialized files now loaded: 0)
System memory in use before: 59.3 MB.
System memory in use after: 59.4 MB.

Unloading 5 unused Assets to reduce memory usage. Loaded Objects now: 1554.
Total: 2.157800 ms (FindLiveObjects: 0.202700 ms CreateObjectMapping: 0.076800 ms MarkObjects: 1.828100 ms  DeleteObjects: 0.049000 ms)

========================================================================
Received Prepare
Registering precompiled user dll's ...
Registered in 0.000743 seconds.
Begin MonoManager ReloadAssembly
Native extension for WindowsStandalone target not found
Refreshing native plugins compatible for Editor in 0.18 ms, found 0 plugins.
Preloading 0 native plugins for Editor in 0.00 ms.
Invoked RoslynAnalysisRunner static constructor.
RoslynAnalysisRunner will not be running.
RoslynAnalysisRunner has terminated.
Mono: successfully reloaded assembly
- Completed reload, in  0.848 seconds
Platform modules already initialized, skipping
Refreshing native plugins compatible for Editor in 0.19 ms, found 0 plugins.
Preloading 0 native plugins for Editor in 0.00 ms.
Unloading 1093 Unused Serialized files (Serialized files now loaded: 0)
System memory in use before: 59.4 MB.
System memory in use after: 59.5 MB.

Unloading 5 unused Assets to reduce memory usage. Loaded Objects now: 1556.
Total: 1.809800 ms (FindLiveObjects: 0.185800 ms CreateObjectMapping: 0.049900 ms MarkObjects: 1.510200 ms  DeleteObjects: 0.062400 ms)

========================================================================
Received Import Request.
  Time since last request: 342.761840 seconds.
  path: Assets/NetMessage.cs
  artifactKey: Guid(d375ccc4dd516c04b866421f47fbfe3f) Importer(815301076,1909f56bfc062723c751e8b465ee728b)
Start importing Assets/NetMessage.cs using Guid(d375ccc4dd516c04b866421f47fbfe3f) Importer(815301076,1909f56bfc062723c751e8b465ee728b)  -> (artifact id: '8bc3dff210a2ab0e673f2213e6cf27da') in 0.009227 seconds
  Import took 0.011572 seconds .

========================================================================
Received Prepare
Registering precompiled user dll's ...
Registered in 0.000742 seconds.
Begin MonoManager ReloadAssembly
Native extension for WindowsStandalone target not found
Refreshing native plugins compatible for Editor in 0.23 ms, found 0 plugins.
Preloading 0 native plugins for Editor in 0.00 ms.
Invoked RoslynAnalysisRunner static constructor.
RoslynAnalysisRunner will not be running.
RoslynAnalysisRunner has terminated.
Mono: successfully reloaded assembly
- Completed reload, in  0.844 seconds
Platform modules already initialized, skipping
Refreshing native plugins compatible for Editor in 0.28 ms, found 0 plugins.
Preloading 0 native plugins for Editor in 0.00 ms.
Unloading 1093 Unused Serialized files (Serialized files now loaded: 0)
System memory in use before: 59.5 MB.
System memory in use after: 59.6 MB.

Unloading 5 unused Assets to reduce memory usage. Loaded Objects now: 1558.
Total: 1.838400 ms (FindLiveObjects: 0.170700 ms CreateObjectMapping: 0.033400 ms MarkObjects: 1.554300 ms  DeleteObjects: 0.079000 ms)

========================================================================
Received Import Request.
  Time since last request: 139.907159 seconds.
  path: Assets/NetMessage.cs
  artifactKey: Guid(d375ccc4dd516c04b866421f47fbfe3f) Importer(815301076,1909f56bfc062723c751e8b465ee728b)
Start importing Assets/NetMessage.cs using Guid(d375ccc4dd516c04b866421f47fbfe3f) Importer(815301076,1909f56bfc062723c751e8b465ee728b)  -> (artifact id: 'f0e8b5379739de69081f6e66febef4a6') in 0.005270 seconds
  Import took 0.007175 seconds .

========================================================================
Received Prepare
Registering precompiled user dll's ...
Registered in 0.000943 seconds.
Begin MonoManager ReloadAssembly
Native extension for WindowsStandalone target not found
Refreshing native plugins compatible for Editor in 0.17 ms, found 0 plugins.
Preloading 0 native plugins for Editor in 0.00 ms.
Invoked RoslynAnalysisRunner static constructor.
RoslynAnalysisRunner will not be running.
RoslynAnalysisRunner has terminated.
Mono: successfully reloaded assembly
- Completed reload, in  0.782 seconds
Platform modules already initialized, skipping
Refreshing native plugins compatible for Editor in 0.19 ms, found 0 plugins.
Preloading 0 native plugins for Editor in 0.00 ms.
Unloading 1093 Unused Serialized files (Serialized files now loaded: 0)
System memory in use before: 59.6 MB.
System memory in use after: 59.7 MB.

Unloading 5 unused Assets to reduce memory usage. Loaded Objects now: 1560.
Total: 1.798800 ms (FindLiveObjects: 0.131200 ms CreateObjectMapping: 0.035400 ms MarkObjects: 1.593100 ms  DeleteObjects: 0.038000 ms)

========================================================================
Received Import Request.
  Time since last request: 60.514216 seconds.
  path: Assets/Net/Chat.cs
  artifactKey: Guid(1c9c22cfe03b53c42a52b321c5828dde) Importer(815301076,1909f56bfc062723c751e8b465ee728b)
Start importing Assets/Net/Chat.cs using Guid(1c9c22cfe03b53c42a52b321c5828dde) Importer(815301076,1909f56bfc062723c751e8b465ee728b)  -> (artifact id: 'bda166ae3c945e6f756e9c06e925a70b') in 0.006060 seconds
  Import took 0.008442 seconds .

========================================================================
Received Prepare
Registering precompiled user dll's ...
Registered in 0.000750 seconds.
Begin MonoManager ReloadAssembly
Native extension for WindowsStandalone target not found
Refreshing native plugins compatible for Editor in 0.22 ms, found 0 plugins.
Preloading 0 native plugins for Editor in 0.00 ms.
Invoked RoslynAnalysisRunner static constructor.
RoslynAnalysisRunner will not be running.
RoslynAnalysisRunner has terminated.
Mono: successfully reloaded assembly
- Completed reload, in  0.803 seconds
Platform modules already initialized, skipping
Refreshing native plugins compatible for Editor in 0.30 ms, found 0 plugins.
Preloading 0 native plugins for Editor in 0.00 ms.
Unloading 1093 Unused Serialized files (Serialized files now loaded: 0)
System memory in use before: 59.6 MB.
System memory in use after: 59.7 MB.

Unloading 5 unused Assets to reduce memory usage. Loaded Objects now: 1562.
Total: 2.035600 ms (FindLiveObjects: 0.193600 ms CreateObjectMapping: 0.051600 ms MarkObjects: 1.753400 ms  DeleteObjects: 0.036100 ms)

========================================================================
Received Import Request.
  Time since last request: 43.369746 seconds.
  path: Assets/Net/Chat.cs
  artifactKey: Guid(1c9c22cfe03b53c42a52b321c5828dde) Importer(815301076,1909f56bfc062723c751e8b465ee728b)
Start importing Assets/Net/Chat.cs using Guid(1c9c22cfe03b53c42a52b321c5828dde) Importer(815301076,1909f56bfc062723c751e8b465ee728b)  -> (artifact id: '6cb1cf0f50d203e6ed3703edfad241e2') in 0.004518 seconds
  Import took 0.006325 seconds .

========================================================================
Received Prepare
Registering precompiled user dll's ...
Registered in 0.001559 seconds.
Begin MonoManager ReloadAssembly
Native extension for WindowsStandalone target not found
Refreshing native plugins compatible for Editor in 0.19 ms, found 0 plugins.
Preloading 0 native plugins for Editor in 0.00 ms.
Invoked RoslynAnalysisRunner static constructor.
RoslynAnalysisRunner will not be running.
RoslynAnalysisRunner has terminated.
Mono: successfully reloaded assembly
- Completed reload, in  0.834 seconds
Platform modules already initialized, skipping
Refreshing native plugins compatible for Editor in 0.19 ms, found 0 plugins.
Preloading 0 native plugins for Editor in 0.00 ms.
Unloading 1093 Unused Serialized files (Serialized files now loaded: 0)
System memory in use before: 59.8 MB.
System memory in use after: 59.8 MB.

Unloading 5 unused Assets to reduce memory usage. Loaded Objects now: 1564.
Total: 2.068300 ms (FindLiveObjects: 0.214600 ms CreateObjectMapping: 0.066400 ms MarkObjects: 1.733100 ms  DeleteObjects: 0.052200 ms)

========================================================================
Received Prepare
Registering precompiled user dll's ...
Registered in 0.000825 seconds.
Begin MonoManager ReloadAssembly
Native extension for WindowsStandalone target not found
Refreshing native plugins compatible for Editor in 0.20 ms, found 0 plugins.
Preloading 0 native plugins for Editor in 0.00 ms.
Invoked RoslynAnalysisRunner static constructor.
RoslynAnalysisRunner will not be running.
RoslynAnalysisRunner has terminated.
Mono: successfully reloaded assembly
- Completed reload, in  0.936 seconds
Platform modules already initialized, skipping
Refreshing native plugins compatible for Editor in 0.18 ms, found 0 plugins.
Preloading 0 native plugins for Editor in 0.00 ms.
Unloading 1093 Unused Serialized files (Serialized files now loaded: 0)
System memory in use before: 59.8 MB.
System memory in use after: 59.9 MB.

Unloading 5 unused Assets to reduce memory usage. Loaded Objects now: 1566.
Total: 1.445100 ms (FindLiveObjects: 0.115300 ms CreateObjectMapping: 0.031100 ms MarkObjects: 1.247600 ms  DeleteObjects: 0.050300 ms)

========================================================================
Received Prepare
Registering precompiled user dll's ...
Registered in 0.000907 seconds.
Begin MonoManager ReloadAssembly
Native extension for WindowsStandalone target not found
Refreshing native plugins compatible for Editor in 0.23 ms, found 0 plugins.
Preloading 0 native plugins for Editor in 0.00 ms.
Invoked RoslynAnalysisRunner static constructor.
RoslynAnalysisRunner will not be running.
RoslynAnalysisRunner has terminated.
Mono: successfully reloaded assembly
- Completed reload, in  0.885 seconds
Platform modules already initialized, skipping
Refreshing native plugins compatible for Editor in 0.18 ms, found 0 plugins.
Preloading 0 native plugins for Editor in 0.00 ms.
Unloading 1093 Unused Serialized files (Serialized files now loaded: 0)
System memory in use before: 59.9 MB.
System memory in use after: 60.0 MB.

Unloading 5 unused Assets to reduce memory usage. Loaded Objects now: 1568.
Total: 2.474400 ms (FindLiveObjects: 0.343600 ms CreateObjectMapping: 0.089600 ms MarkObjects: 1.971700 ms  DeleteObjects: 0.067300 ms)

========================================================================
Received Prepare
Registering precompiled user dll's ...
Registered in 0.000916 seconds.
Begin MonoManager ReloadAssembly
Native extension for WindowsStandalone target not found
Refreshing native plugins compatible for Editor in 0.23 ms, found 0 plugins.
Preloading 0 native plugins for Editor in 0.00 ms.
Invoked RoslynAnalysisRunner static constructor.
RoslynAnalysisRunner will not be running.
RoslynAnalysisRunner has terminated.
Mono: successfully reloaded assembly
- Completed reload, in  0.856 seconds
Platform modules already initialized, skipping
Refreshing native plugins compatible for Editor in 0.20 ms, found 0 plugins.
Preloading 0 native plugins for Editor in 0.00 ms.
Unloading 1093 Unused Serialized files (Serialized files now loaded: 0)
System memory in use before: 60.0 MB.
System memory in use after: 60.1 MB.

Unloading 5 unused Assets to reduce memory usage. Loaded Objects now: 1570.
Total: 2.296500 ms (FindLiveObjects: 0.313500 ms CreateObjectMapping: 0.091000 ms MarkObjects: 1.819800 ms  DeleteObjects: 0.069900 ms)

========================================================================
Received Prepare
Registering precompiled user dll's ...
Registered in 0.000709 seconds.
Begin MonoManager ReloadAssembly
Native extension for WindowsStandalone target not found
Refreshing native plugins compatible for Editor in 0.19 ms, found 0 plugins.
Preloading 0 native plugins for Editor in 0.00 ms.
Invoked RoslynAnalysisRunner static constructor.
RoslynAnalysisRunner will not be running.
RoslynAnalysisRunner has terminated.
Mono: successfully reloaded assembly
- Completed reload, in  0.813 seconds
Platform modules already initialized, skipping
Refreshing native plugins compatible for Editor in 0.18 ms, found 0 plugins.
Preloading 0 native plugins for Editor in 0.00 ms.
Unloading 1093 Unused Serialized files (Serialized files now loaded: 0)
System memory in use before: 60.1 MB.
System memory in use after: 60.2 MB.

Unloading 5 unused Assets to reduce memory usage. Loaded Objects now: 1572.
Total: 1.410600 ms (FindLiveObjects: 0.147700 ms CreateObjectMapping: 0.046800 ms MarkObjects: 1.180400 ms  DeleteObjects: 0.034300 ms)

========================================================================
Received Prepare
Registering precompiled user dll's ...
Registered in 0.001235 seconds.
Begin MonoManager ReloadAssembly
Native extension for WindowsStandalone target not found
Refreshing native plugins compatible for Editor in 0.25 ms, found 0 plugins.
Preloading 0 native plugins for Editor in 0.00 ms.
Invoked RoslynAnalysisRunner static constructor.
RoslynAnalysisRunner will not be running.
RoslynAnalysisRunner has terminated.
Mono: successfully reloaded assembly
- Completed reload, in  0.936 seconds
Platform modules already initialized, skipping
Refreshing native plugins compatible for Editor in 0.21 ms, found 0 plugins.
Preloading 0 native plugins for Editor in 0.00 ms.
Unloading 1093 Unused Serialized files (Serialized files now loaded: 0)
System memory in use before: 60.2 MB.
System memory in use after: 60.3 MB.

Unloading 5 unused Assets to reduce memory usage. Loaded Objects now: 1574.
Total: 1.449300 ms (FindLiveObjects: 0.126200 ms CreateObjectMapping: 0.029100 ms MarkObjects: 1.221900 ms  DeleteObjects: 0.071300 ms)

========================================================================
Received Prepare
Registering precompiled user dll's ...
Registered in 0.000924 seconds.
Begin MonoManager ReloadAssembly
Native extension for WindowsStandalone target not found
Refreshing native plugins compatible for Editor in 0.31 ms, found 0 plugins.
Preloading 0 native plugins for Editor in 0.00 ms.
Invoked RoslynAnalysisRunner static constructor.
RoslynAnalysisRunner will not be running.
RoslynAnalysisRunner has terminated.
Mono: successfully reloaded assembly
- Completed reload, in  0.969 seconds
Platform modules already initialized, skipping
Refreshing native plugins compatible for Editor in 0.35 ms, found 0 plugins.
Preloading 0 native plugins for Editor in 0.00 ms.
Unloading 1093 Unused Serialized files (Serialized files now loaded: 0)
System memory in use before: 60.3 MB.
System memory in use after: 60.3 MB.

Unloading 5 unused Assets to reduce memory usage. Loaded Objects now: 1576.
Total: 1.634800 ms (FindLiveObjects: 0.176300 ms CreateObjectMapping: 0.048600 ms MarkObjects: 1.361600 ms  DeleteObjects: 0.046300 ms)

========================================================================
Received Import Request.
  Time since last request: 270.519901 seconds.
  path: Assets/Net/Chat.cs
  artifactKey: Guid(1c9c22cfe03b53c42a52b321c5828dde) Importer(815301076,1909f56bfc062723c751e8b465ee728b)
Start importing Assets/Net/Chat.cs using Guid(1c9c22cfe03b53c42a52b321c5828dde) Importer(815301076,1909f56bfc062723c751e8b465ee728b)  -> (artifact id: '47ee72ed0967b37def078f1ac4251413') in 0.007413 seconds
  Import took 0.010331 seconds .

========================================================================
Received Prepare
Registering precompiled user dll's ...
Registered in 0.001152 seconds.
Begin MonoManager ReloadAssembly
Native extension for WindowsStandalone target not found
Refreshing native plugins compatible for Editor in 0.19 ms, found 0 plugins.
Preloading 0 native plugins for Editor in 0.00 ms.
Invoked RoslynAnalysisRunner static constructor.
RoslynAnalysisRunner will not be running.
RoslynAnalysisRunner has terminated.
Mono: successfully reloaded assembly
- Completed reload, in  0.896 seconds
Platform modules already initialized, skipping
Refreshing native plugins compatible for Editor in 0.19 ms, found 0 plugins.
Preloading 0 native plugins for Editor in 0.00 ms.
Unloading 1093 Unused Serialized files (Serialized files now loaded: 0)
System memory in use before: 60.3 MB.
System memory in use after: 60.4 MB.

Unloading 5 unused Assets to reduce memory usage. Loaded Objects now: 1578.
Total: 1.860300 ms (FindLiveObjects: 0.217900 ms CreateObjectMapping: 0.061800 ms MarkObjects: 1.542000 ms  DeleteObjects: 0.037300 ms)

========================================================================
Received Prepare
Registering precompiled user dll's ...
Registered in 0.000956 seconds.
Begin MonoManager ReloadAssembly
Native extension for WindowsStandalone target not found
Refreshing native plugins compatible for Editor in 0.34 ms, found 0 plugins.
Preloading 0 native plugins for Editor in 0.00 ms.
Invoked RoslynAnalysisRunner static constructor.
RoslynAnalysisRunner will not be running.
RoslynAnalysisRunner has terminated.
Mono: successfully reloaded assembly
- Completed reload, in  0.812 seconds
Platform modules already initialized, skipping
Refreshing native plugins compatible for Editor in 0.19 ms, found 0 plugins.
Preloading 0 native plugins for Editor in 0.00 ms.
Unloading 1093 Unused Serialized files (Serialized files now loaded: 0)
System memory in use before: 60.4 MB.
System memory in use after: 60.5 MB.

Unloading 5 unused Assets to reduce memory usage. Loaded Objects now: 1580.
Total: 2.968300 ms (FindLiveObjects: 0.367800 ms CreateObjectMapping: 0.104500 ms MarkObjects: 2.399200 ms  DeleteObjects: 0.093300 ms)

========================================================================
Received Import Request.
  Time since last request: 211.442765 seconds.
  path: Assets/Net/Chat.cs
  artifactKey: Guid(1c9c22cfe03b53c42a52b321c5828dde) Importer(815301076,1909f56bfc062723c751e8b465ee728b)
Start importing Assets/Net/Chat.cs using Guid(1c9c22cfe03b53c42a52b321c5828dde) Importer(815301076,1909f56bfc062723c751e8b465ee728b)  -> (artifact id: '25f036bf926b098117baf457851ad545') in 0.009111 seconds
  Import took 0.011676 seconds .

========================================================================
Received Import Request.
  Time since last request: 10.289860 seconds.
  path: Assets/I_IO.cs
  artifactKey: Guid(129ad69efa956c541b47e6487308089c) Importer(815301076,1909f56bfc062723c751e8b465ee728b)
Start importing Assets/I_IO.cs using Guid(129ad69efa956c541b47e6487308089c) Importer(815301076,1909f56bfc062723c751e8b465ee728b)  -> (artifact id: '629b2dc99d050736bfa9dffb2fa1df96') in 0.010745 seconds
  Import took 0.013057 seconds .

========================================================================
Received Import Request.
  Time since last request: 0.005511 seconds.
  path: Assets/I_IO.cs
  artifactKey: Guid(129ad69efa956c541b47e6487308089c) Importer(815301076,1909f56bfc062723c751e8b465ee728b)
Start importing Assets/I_IO.cs using Guid(129ad69efa956c541b47e6487308089c) Importer(815301076,1909f56bfc062723c751e8b465ee728b)  -> (artifact id: '629b2dc99d050736bfa9dffb2fa1df96') in 0.003776 seconds
  Import took 0.006025 seconds .

========================================================================
Received Import Request.
  Time since last request: 163.646185 seconds.
  path: Assets/INET_SEND.cs
  artifactKey: Guid(129ad69efa956c541b47e6487308089c) Importer(815301076,1909f56bfc062723c751e8b465ee728b)
Start importing Assets/INET_SEND.cs using Guid(129ad69efa956c541b47e6487308089c) Importer(815301076,1909f56bfc062723c751e8b465ee728b)  -> (artifact id: '66996e857d5cf64d463b43a0f6870dcb') in 0.012405 seconds
  Import took 0.015895 seconds .

========================================================================
Received Import Request.
  Time since last request: 0.001775 seconds.
  path: Assets/INET_SEND.cs
  artifactKey: Guid(129ad69efa956c541b47e6487308089c) Importer(815301076,1909f56bfc062723c751e8b465ee728b)
Start importing Assets/INET_SEND.cs using Guid(129ad69efa956c541b47e6487308089c) Importer(815301076,1909f56bfc062723c751e8b465ee728b)  -> (artifact id: '66996e857d5cf64d463b43a0f6870dcb') in 0.004281 seconds
  Import took 0.006750 seconds .

========================================================================
Received Import Request.
  Time since last request: 3.441068 seconds.
  path: Assets/Net/Chat.cs
  artifactKey: Guid(1c9c22cfe03b53c42a52b321c5828dde) Importer(815301076,1909f56bfc062723c751e8b465ee728b)
Start importing Assets/Net/Chat.cs using Guid(1c9c22cfe03b53c42a52b321c5828dde) Importer(815301076,1909f56bfc062723c751e8b465ee728b)  -> (artifact id: '7c0c63ee563b3672f5b24338f2e8a91d') in 0.004233 seconds
  Import took 0.006916 seconds .

========================================================================
Received Import Request.
  Time since last request: 0.000960 seconds.
  path: Assets/Net/Chat.cs
  artifactKey: Guid(1c9c22cfe03b53c42a52b321c5828dde) Importer(815301076,1909f56bfc062723c751e8b465ee728b)
Start importing Assets/Net/Chat.cs using Guid(1c9c22cfe03b53c42a52b321c5828dde) Importer(815301076,1909f56bfc062723c751e8b465ee728b)  -> (artifact id: '7c0c63ee563b3672f5b24338f2e8a91d') in 0.003383 seconds
  Import took 0.005980 seconds .

========================================================================
Received Prepare
Registering precompiled user dll's ...
Registered in 0.001210 seconds.
Begin MonoManager ReloadAssembly
Native extension for WindowsStandalone target not found
Refreshing native plugins compatible for Editor in 0.19 ms, found 0 plugins.
Preloading 0 native plugins for Editor in 0.00 ms.
Invoked RoslynAnalysisRunner static constructor.
RoslynAnalysisRunner will not be running.
RoslynAnalysisRunner has terminated.
Mono: successfully reloaded assembly
- Completed reload, in  0.847 seconds
Platform modules already initialized, skipping
Refreshing native plugins compatible for Editor in 0.19 ms, found 0 plugins.
Preloading 0 native plugins for Editor in 0.00 ms.
Unloading 1094 Unused Serialized files (Serialized files now loaded: 0)
System memory in use before: 60.5 MB.
System memory in use after: 60.6 MB.

Unloading 5 unused Assets to reduce memory usage. Loaded Objects now: 1583.
Total: 1.681900 ms (FindLiveObjects: 0.128600 ms CreateObjectMapping: 0.028800 ms MarkObjects: 1.444900 ms  DeleteObjects: 0.078600 ms)

========================================================================
Received Prepare
Registering precompiled user dll's ...
Registered in 0.000861 seconds.
Begin MonoManager ReloadAssembly
Native extension for WindowsStandalone target not found
Refreshing native plugins compatible for Editor in 0.34 ms, found 0 plugins.
Preloading 0 native plugins for Editor in 0.00 ms.
Invoked RoslynAnalysisRunner static constructor.
RoslynAnalysisRunner will not be running.
RoslynAnalysisRunner has terminated.
Mono: successfully reloaded assembly
- Completed reload, in  0.964 seconds
Platform modules already initialized, skipping
Refreshing native plugins compatible for Editor in 0.37 ms, found 0 plugins.
Preloading 0 native plugins for Editor in 0.00 ms.
Unloading 1094 Unused Serialized files (Serialized files now loaded: 0)
System memory in use before: 60.6 MB.
System memory in use after: 60.7 MB.

Unloading 5 unused Assets to reduce memory usage. Loaded Objects now: 1585.
Total: 2.116500 ms (FindLiveObjects: 0.151700 ms CreateObjectMapping: 0.040200 ms MarkObjects: 1.879700 ms  DeleteObjects: 0.043400 ms)

========================================================================
Received Import Request.
  Time since last request: 24.272464 seconds.
  path: Assets/NetMessage.cs
  artifactKey: Guid(d375ccc4dd516c04b866421f47fbfe3f) Importer(815301076,1909f56bfc062723c751e8b465ee728b)
Start importing Assets/NetMessage.cs using Guid(d375ccc4dd516c04b866421f47fbfe3f) Importer(815301076,1909f56bfc062723c751e8b465ee728b)  -> (artifact id: '07156ff949d2871e564c0a4ca26e16b1') in 0.009145 seconds
  Import took 0.011319 seconds .

========================================================================
Received Import Request.
  Time since last request: 5.209746 seconds.
  path: Assets/interface
  artifactKey: Guid(80690bdc9a3e8b94abce321522a22f21) Importer(815301076,1909f56bfc062723c751e8b465ee728b)
Start importing Assets/interface using Guid(80690bdc9a3e8b94abce321522a22f21) Importer(815301076,1909f56bfc062723c751e8b465ee728b)  -> (artifact id: '431660e1e185b8a69050b55c215f81d6') in 0.007609 seconds
  Import took 0.009803 seconds .

========================================================================
Received Import Request.
  Time since last request: 0.001122 seconds.
  path: Assets/interface
  artifactKey: Guid(80690bdc9a3e8b94abce321522a22f21) Importer(815301076,1909f56bfc062723c751e8b465ee728b)
Start importing Assets/interface using Guid(80690bdc9a3e8b94abce321522a22f21) Importer(815301076,1909f56bfc062723c751e8b465ee728b)  -> (artifact id: '431660e1e185b8a69050b55c215f81d6') in 0.003606 seconds
  Import took 0.005619 seconds .

========================================================================
Received Import Request.
  Time since last request: 1.437074 seconds.
  path: Assets/INET_SEND.cs
  artifactKey: Guid(129ad69efa956c541b47e6487308089c) Importer(815301076,1909f56bfc062723c751e8b465ee728b)
Start importing Assets/INET_SEND.cs using Guid(129ad69efa956c541b47e6487308089c) Importer(815301076,1909f56bfc062723c751e8b465ee728b)  -> (artifact id: 'd5639d4888ee65d2add2097ef97fd04e') in 0.003258 seconds
  Import took 0.005133 seconds .

========================================================================
Received Prepare
Registering precompiled user dll's ...
Registered in 0.000743 seconds.
Begin MonoManager ReloadAssembly
Native extension for WindowsStandalone target not found
Refreshing native plugins compatible for Editor in 0.30 ms, found 0 plugins.
Preloading 0 native plugins for Editor in 0.00 ms.
Invoked RoslynAnalysisRunner static constructor.
RoslynAnalysisRunner will not be running.
RoslynAnalysisRunner has terminated.
Mono: successfully reloaded assembly
- Completed reload, in  0.998 seconds
Platform modules already initialized, skipping
Refreshing native plugins compatible for Editor in 0.20 ms, found 0 plugins.
Preloading 0 native plugins for Editor in 0.00 ms.
Unloading 1095 Unused Serialized files (Serialized files now loaded: 0)
System memory in use before: 60.7 MB.
System memory in use after: 60.8 MB.

Unloading 5 unused Assets to reduce memory usage. Loaded Objects now: 1588.
Total: 2.022300 ms (FindLiveObjects: 0.231000 ms CreateObjectMapping: 0.064500 ms MarkObjects: 1.664400 ms  DeleteObjects: 0.060500 ms)

========================================================================
Received Import Request.
  Time since last request: 7.577027 seconds.
  path: Assets/NewBehaviourScript.cs
  artifactKey: Guid(a0112edd915189d4e8846fa4ce148aa1) Importer(815301076,1909f56bfc062723c751e8b465ee728b)
Start importing Assets/NewBehaviourScript.cs using Guid(a0112edd915189d4e8846fa4ce148aa1) Importer(815301076,1909f56bfc062723c751e8b465ee728b)  -> (artifact id: 'cd8a7923b861a430fd9e2b7f20ea2d41') in 0.012049 seconds
  Import took 0.014125 seconds .

========================================================================
Received Prepare
Registering precompiled user dll's ...
Registered in 0.000738 seconds.
Begin MonoManager ReloadAssembly
Native extension for WindowsStandalone target not found
Refreshing native plugins compatible for Editor in 0.21 ms, found 0 plugins.
Preloading 0 native plugins for Editor in 0.00 ms.
Invoked RoslynAnalysisRunner static constructor.
RoslynAnalysisRunner will not be running.
RoslynAnalysisRunner has terminated.
Mono: successfully reloaded assembly
- Completed reload, in  0.943 seconds
Platform modules already initialized, skipping
Refreshing native plugins compatible for Editor in 0.21 ms, found 0 plugins.
Preloading 0 native plugins for Editor in 0.00 ms.
Unloading 1094 Unused Serialized files (Serialized files now loaded: 0)
System memory in use before: 59.8 MB.
System memory in use after: 59.9 MB.

Unloading 6 unused Assets to reduce memory usage. Loaded Objects now: 1589.
Total: 1.742700 ms (FindLiveObjects: 0.229900 ms CreateObjectMapping: 0.062800 ms MarkObjects: 1.393000 ms  DeleteObjects: 0.055200 ms)

========================================================================
Received Import Request.
  Time since last request: 8.895188 seconds.
  path: Assets/Net 1
  artifactKey: Guid(9ddf589915890874aaba14b00ecb5f6a) Importer(815301076,1909f56bfc062723c751e8b465ee728b)
Start importing Assets/Net 1 using Guid(9ddf589915890874aaba14b00ecb5f6a) Importer(815301076,1909f56bfc062723c751e8b465ee728b)  -> (artifact id: '99834a5bd232fe86e686d9419d55c78c') in 0.010848 seconds
  Import took 0.012937 seconds .

========================================================================
Received Prepare
Registering precompiled user dll's ...
Registered in 0.000929 seconds.
Begin MonoManager ReloadAssembly
Native extension for WindowsStandalone target not found
Refreshing native plugins compatible for Editor in 0.18 ms, found 0 plugins.
Preloading 0 native plugins for Editor in 0.00 ms.
Invoked RoslynAnalysisRunner static constructor.
RoslynAnalysisRunner will not be running.
RoslynAnalysisRunner has terminated.
Mono: successfully reloaded assembly
- Completed reload, in  0.903 seconds
Platform modules already initialized, skipping
Refreshing native plugins compatible for Editor in 0.18 ms, found 0 plugins.
Preloading 0 native plugins for Editor in 0.00 ms.
Unloading 1094 Unused Serialized files (Serialized files now loaded: 0)
System memory in use before: 59.9 MB.
System memory in use after: 59.9 MB.

Unloading 5 unused Assets to reduce memory usage. Loaded Objects now: 1591.
Total: 1.654400 ms (FindLiveObjects: 0.155200 ms CreateObjectMapping: 0.036400 ms MarkObjects: 1.425300 ms  DeleteObjects: 0.036100 ms)

========================================================================
Received Prepare
Registering precompiled user dll's ...
Registered in 0.000760 seconds.
Begin MonoManager ReloadAssembly
Native extension for WindowsStandalone target not found
Refreshing native plugins compatible for Editor in 0.19 ms, found 0 plugins.
Preloading 0 native plugins for Editor in 0.00 ms.
Invoked RoslynAnalysisRunner static constructor.
RoslynAnalysisRunner will not be running.
RoslynAnalysisRunner has terminated.
Mono: successfully reloaded assembly
- Completed reload, in  0.900 seconds
Platform modules already initialized, skipping
Refreshing native plugins compatible for Editor in 0.20 ms, found 0 plugins.
Preloading 0 native plugins for Editor in 0.00 ms.
Unloading 1094 Unused Serialized files (Serialized files now loaded: 0)
System memory in use before: 60.0 MB.
System memory in use after: 60.0 MB.

Unloading 5 unused Assets to reduce memory usage. Loaded Objects now: 1593.
Total: 2.133900 ms (FindLiveObjects: 0.377600 ms CreateObjectMapping: 0.078700 ms MarkObjects: 1.618500 ms  DeleteObjects: 0.057900 ms)

========================================================================
Received Prepare
Registering precompiled user dll's ...
Registered in 0.000705 seconds.
Begin MonoManager ReloadAssembly
Native extension for WindowsStandalone target not found
Refreshing native plugins compatible for Editor in 0.18 ms, found 0 plugins.
Preloading 0 native plugins for Editor in 0.00 ms.
Invoked RoslynAnalysisRunner static constructor.
RoslynAnalysisRunner will not be running.
RoslynAnalysisRunner has terminated.
Mono: successfully reloaded assembly
- Completed reload, in  0.853 seconds
Platform modules already initialized, skipping
Refreshing native plugins compatible for Editor in 0.24 ms, found 0 plugins.
Preloading 0 native plugins for Editor in 0.00 ms.
Unloading 1094 Unused Serialized files (Serialized files now loaded: 0)
System memory in use before: 60.0 MB.
System memory in use after: 60.1 MB.

Unloading 5 unused Assets to reduce memory usage. Loaded Objects now: 1595.
Total: 1.921100 ms (FindLiveObjects: 0.170400 ms CreateObjectMapping: 0.046500 ms MarkObjects: 1.636300 ms  DeleteObjects: 0.066300 ms)

========================================================================
Received Import Request.
  Time since last request: 33.920302 seconds.
  path: Assets/Net/Interface
  artifactKey: Guid(80690bdc9a3e8b94abce321522a22f21) Importer(815301076,1909f56bfc062723c751e8b465ee728b)
Start importing Assets/Net/Interface using Guid(80690bdc9a3e8b94abce321522a22f21) Importer(815301076,1909f56bfc062723c751e8b465ee728b)  -> (artifact id: '812bb696f2556732abe86e830a77d0a1') in 0.010519 seconds
  Import took 0.012785 seconds .

========================================================================
Received Prepare
Registering precompiled user dll's ...
Registered in 0.000676 seconds.
Begin MonoManager ReloadAssembly
Native extension for WindowsStandalone target not found
Refreshing native plugins compatible for Editor in 0.19 ms, found 0 plugins.
Preloading 0 native plugins for Editor in 0.00 ms.
Invoked RoslynAnalysisRunner static constructor.
RoslynAnalysisRunner will not be running.
RoslynAnalysisRunner has terminated.
Mono: successfully reloaded assembly
- Completed reload, in  0.841 seconds
Platform modules already initialized, skipping
Refreshing native plugins compatible for Editor in 0.18 ms, found 0 plugins.
Preloading 0 native plugins for Editor in 0.00 ms.
Unloading 1094 Unused Serialized files (Serialized files now loaded: 0)
System memory in use before: 60.1 MB.
System memory in use after: 60.2 MB.

Unloading 5 unused Assets to reduce memory usage. Loaded Objects now: 1597.
Total: 1.773100 ms (FindLiveObjects: 0.262800 ms CreateObjectMapping: 0.075100 ms MarkObjects: 1.368700 ms  DeleteObjects: 0.064700 ms)

AssetImportWorkerClient::OnTransportError - code=2 error=End of file
